<?xml version="1.0" encoding="utf-8"?>
<outputLog>
  <ApplicationId>402b9868-9793-446d-8924-56a642fe743e</ApplicationId>
  <FileLogs>
    <FileLog>
      <ProjectId>ef2ac780-c9e7-4ab3-81e2-b523965c0d71</ProjectId>
      <CorrelationId>Intent.VisualStudio.Projects.CoreLibrary.CSProject#ef2ac780-c9e7-4ab3-81e2-b523965c0d71</CorrelationId>
      <OverwriteBehaviour>once-off</OverwriteBehaviour>
      <ApplicationRelativeFilePath>../../Boxfusion.Dep/Boxfusion.ContentManagement.Application/Boxfusion.ContentManagement.Application.csproj</ApplicationRelativeFilePath>
      <ProjectRelativeFilePath>Boxfusion.ContentManagement.Application.csproj</ProjectRelativeFilePath>
      <IsIgnored>false</IsIgnored>
    </FileLog>
    <FileLog>
      <ProjectId>a2f8193f-30ae-4fc1-ab92-04aa2ccc264c</ProjectId>
      <CorrelationId>Intent.VisualStudio.Projects.CoreLibrary.CSProject#a2f8193f-30ae-4fc1-ab92-04aa2ccc264c</CorrelationId>
      <OverwriteBehaviour>once-off</OverwriteBehaviour>
      <ApplicationRelativeFilePath>../../Boxfusion.Dep/Boxfusion.ContentManagement.Domain/Boxfusion.ContentManagement.Domain.csproj</ApplicationRelativeFilePath>
      <ProjectRelativeFilePath>Boxfusion.ContentManagement.Domain.csproj</ProjectRelativeFilePath>
      <IsIgnored>false</IsIgnored>
    </FileLog>
    <FileLog>
      <ProjectId>a2f8193f-30ae-4fc1-ab92-04aa2ccc264c</ProjectId>
      <CorrelationId>Boxfusion.Modules.Domain.Entity#2cc5ef39-d54c-4991-802b-be3f9e7ce48d</CorrelationId>
      <OverwriteBehaviour>always</OverwriteBehaviour>
      <ApplicationRelativeFilePath>../../Boxfusion.Dep/Boxfusion.ContentManagement.Domain/ContentAppointments/ContentAppointment.cs</ApplicationRelativeFilePath>
      <ProjectRelativeFilePath>ContentAppointments/ContentAppointment.cs</ProjectRelativeFilePath>
      <IsIgnored>false</IsIgnored>
    </FileLog>
    <FileLog>
      <ProjectId>a2f8193f-30ae-4fc1-ab92-04aa2ccc264c</ProjectId>
      <CorrelationId>Boxfusion.Modules.Domain.Entity#5adae54c-8f9d-412b-b426-d181160b03c0</CorrelationId>
      <OverwriteBehaviour>always</OverwriteBehaviour>
      <ApplicationRelativeFilePath>../../Boxfusion.Dep/Boxfusion.ContentManagement.Domain/ContentFolders/ContentFolder.cs</ApplicationRelativeFilePath>
      <ProjectRelativeFilePath>ContentFolders/ContentFolder.cs</ProjectRelativeFilePath>
      <IsIgnored>false</IsIgnored>
    </FileLog>
    <FileLog>
      <ProjectId>a2f8193f-30ae-4fc1-ab92-04aa2ccc264c</ProjectId>
      <CorrelationId>Boxfusion.Modules.Domain.Entity#da9bc02b-ef60-412d-be15-e3e5f417c74d</CorrelationId>
      <OverwriteBehaviour>always</OverwriteBehaviour>
      <ApplicationRelativeFilePath>../../Boxfusion.Dep/Boxfusion.ContentManagement.Domain/ContentItemBases/ContentItemBase.cs</ApplicationRelativeFilePath>
      <ProjectRelativeFilePath>ContentItemBases/ContentItemBase.cs</ProjectRelativeFilePath>
      <IsIgnored>false</IsIgnored>
    </FileLog>
    <FileLog>
      <ProjectId>a2f8193f-30ae-4fc1-ab92-04aa2ccc264c</ProjectId>
      <CorrelationId>Boxfusion.Modules.Domain.Entity#e189ea57-8b51-45ae-8dfc-3f139b0e93d3</CorrelationId>
      <OverwriteBehaviour>always</OverwriteBehaviour>
      <ApplicationRelativeFilePath>../../Boxfusion.Dep/Boxfusion.ContentManagement.Domain/ContentItems/ContentItem.cs</ApplicationRelativeFilePath>
      <ProjectRelativeFilePath>ContentItems/ContentItem.cs</ProjectRelativeFilePath>
      <IsIgnored>false</IsIgnored>
    </FileLog>
    <FileLog>
      <ProjectId>a2f8193f-30ae-4fc1-ab92-04aa2ccc264c</ProjectId>
      <CorrelationId>Boxfusion.Modules.Domain.Entity#929e25a1-c5c0-4fa1-825f-0c5de9a8dd77</CorrelationId>
      <OverwriteBehaviour>always</OverwriteBehaviour>
      <ApplicationRelativeFilePath>../../Boxfusion.Dep/Boxfusion.ContentManagement.Domain/ContentPermissions/ContentPermission.cs</ApplicationRelativeFilePath>
      <ProjectRelativeFilePath>ContentPermissions/ContentPermission.cs</ProjectRelativeFilePath>
      <IsIgnored>false</IsIgnored>
    </FileLog>
    <FileLog>
      <ProjectId>a2f8193f-30ae-4fc1-ab92-04aa2ccc264c</ProjectId>
      <CorrelationId>Boxfusion.Modules.FluentMigrator.EnumMigrationMetadata#b3a6eff9-3147-4a21-b90b-91b9d4a0e02a</CorrelationId>
      <OverwriteBehaviour>always</OverwriteBehaviour>
      <ApplicationRelativeFilePath>../../Boxfusion.Dep/Boxfusion.ContentManagement.Domain/EnumMigrations/enum-migration-metadata.json</ApplicationRelativeFilePath>
      <ProjectRelativeFilePath>EnumMigrations/enum-migration-metadata.json</ProjectRelativeFilePath>
      <IsIgnored>false</IsIgnored>
    </FileLog>
    <FileLog>
      <ProjectId>a2f8193f-30ae-4fc1-ab92-04aa2ccc264c</ProjectId>
      <CorrelationId>fdf35803-a1bb-47fe-9cd6-5bca9a16a386</CorrelationId>
      <OverwriteBehaviour>once-off</OverwriteBehaviour>
      <ApplicationRelativeFilePath>../../Boxfusion.Dep/Boxfusion.ContentManagement.Domain/EnumMigrations/M202208240801.cs</ApplicationRelativeFilePath>
      <ProjectRelativeFilePath>EnumMigrations/M202208240801.cs</ProjectRelativeFilePath>
      <IsIgnored>false</IsIgnored>
    </FileLog>
    <FileLog>
      <ProjectId>a2f8193f-30ae-4fc1-ab92-04aa2ccc264c</ProjectId>
      <CorrelationId>08d2f957-fc66-4afa-b6b5-ae0db5324756</CorrelationId>
      <OverwriteBehaviour>once-off</OverwriteBehaviour>
      <ApplicationRelativeFilePath>../../Boxfusion.Dep/Boxfusion.ContentManagement.Domain/Migrations/M202208241300.cs</ApplicationRelativeFilePath>
      <ProjectRelativeFilePath>Migrations/M202208241300.cs</ProjectRelativeFilePath>
      <IsIgnored>false</IsIgnored>
    </FileLog>
    <FileLog>
      <ProjectId>a2f8193f-30ae-4fc1-ab92-04aa2ccc264c</ProjectId>
      <CorrelationId>Boxfusion.Modules.FluentMigrator.MigrationMetadata#b3a6eff9-3147-4a21-b90b-91b9d4a0e02a</CorrelationId>
      <OverwriteBehaviour>always</OverwriteBehaviour>
      <ApplicationRelativeFilePath>../../Boxfusion.Dep/Boxfusion.ContentManagement.Domain/Migrations/migration-metadata.json</ApplicationRelativeFilePath>
      <ProjectRelativeFilePath>Migrations/migration-metadata.json</ProjectRelativeFilePath>
      <IsIgnored>false</IsIgnored>
    </FileLog>
    <FileLog>
      <ProjectId>6cb70adf-5c68-4c56-9a8a-e933f500fa24</ProjectId>
      <CorrelationId>Intent.VisualStudio.Projects.CoreLibrary.CSProject#6cb70adf-5c68-4c56-9a8a-e933f500fa24</CorrelationId>
      <OverwriteBehaviour>once-off</OverwriteBehaviour>
      <ApplicationRelativeFilePath>../../Boxfusion.Dep/Boxfusion.Dep.Application/Boxfusion.Dep.Application.csproj</ApplicationRelativeFilePath>
      <ProjectRelativeFilePath>Boxfusion.Dep.Application.csproj</ProjectRelativeFilePath>
      <IsIgnored>false</IsIgnored>
    </FileLog>
    <FileLog>
      <ProjectId>51a65ee1-e28a-4bae-9c55-ff7185b99f2b</ProjectId>
      <CorrelationId>Intent.VisualStudio.Projects.CoreLibrary.CSProject#51a65ee1-e28a-4bae-9c55-ff7185b99f2b</CorrelationId>
      <OverwriteBehaviour>once-off</OverwriteBehaviour>
      <ApplicationRelativeFilePath>../../Boxfusion.Dep/Boxfusion.Dep.Domain/Boxfusion.Dep.Domain.csproj</ApplicationRelativeFilePath>
      <ProjectRelativeFilePath>Boxfusion.Dep.Domain.csproj</ProjectRelativeFilePath>
      <IsIgnored>false</IsIgnored>
    </FileLog>
    <FileLog>
      <ProjectId>51a65ee1-e28a-4bae-9c55-ff7185b99f2b</ProjectId>
      <CorrelationId>Boxfusion.Modules.Domain.Entity#74d9491e-4cea-4f37-aff9-d4376519a26d</CorrelationId>
      <OverwriteBehaviour>always</OverwriteBehaviour>
      <ApplicationRelativeFilePath>../../Boxfusion.Dep/Boxfusion.Dep.Domain/Contacts/Contact.cs</ApplicationRelativeFilePath>
      <ProjectRelativeFilePath>Contacts/Contact.cs</ProjectRelativeFilePath>
      <IsIgnored>false</IsIgnored>
    </FileLog>
    <FileLog>
      <ProjectId>51a65ee1-e28a-4bae-9c55-ff7185b99f2b</ProjectId>
      <CorrelationId>Boxfusion.Modules.FluentMigrator.EnumMigrationMetadata#f7adeae6-ee51-4270-83fb-2b44a50da39b</CorrelationId>
      <OverwriteBehaviour>always</OverwriteBehaviour>
      <ApplicationRelativeFilePath>../../Boxfusion.Dep/Boxfusion.Dep.Domain/EnumMigrations/enum-migration-metadata.json</ApplicationRelativeFilePath>
      <ProjectRelativeFilePath>EnumMigrations/enum-migration-metadata.json</ProjectRelativeFilePath>
      <IsIgnored>false</IsIgnored>
    </FileLog>
    <FileLog>
      <ProjectId>51a65ee1-e28a-4bae-9c55-ff7185b99f2b</ProjectId>
      <CorrelationId>Boxfusion.Modules.Domain.Entity#24aa7cd5-fe3b-445b-ba00-094f813f8269</CorrelationId>
      <OverwriteBehaviour>always</OverwriteBehaviour>
      <ApplicationRelativeFilePath>../../Boxfusion.Dep/Boxfusion.Dep.Domain/EventPresenters/EventPresenter.cs</ApplicationRelativeFilePath>
      <ProjectRelativeFilePath>EventPresenters/EventPresenter.cs</ProjectRelativeFilePath>
      <IsIgnored>false</IsIgnored>
    </FileLog>
    <FileLog>
      <ProjectId>51a65ee1-e28a-4bae-9c55-ff7185b99f2b</ProjectId>
      <CorrelationId>Boxfusion.Modules.Domain.Entity#d5677f67-60a8-4400-8156-86c589f0436f</CorrelationId>
      <OverwriteBehaviour>always</OverwriteBehaviour>
      <ApplicationRelativeFilePath>../../Boxfusion.Dep/Boxfusion.Dep.Domain/Events/Event.cs</ApplicationRelativeFilePath>
      <ProjectRelativeFilePath>Events/Event.cs</ProjectRelativeFilePath>
      <IsIgnored>false</IsIgnored>
    </FileLog>
    <FileLog>
      <ProjectId>51a65ee1-e28a-4bae-9c55-ff7185b99f2b</ProjectId>
      <CorrelationId>Boxfusion.Modules.Domain.Entity#4ae3b73e-de2c-401b-85b0-4791e7eecb18</CorrelationId>
      <OverwriteBehaviour>always</OverwriteBehaviour>
      <ApplicationRelativeFilePath>../../Boxfusion.Dep/Boxfusion.Dep.Domain/FAQs/FAQ.cs</ApplicationRelativeFilePath>
      <ProjectRelativeFilePath>FAQs/FAQ.cs</ProjectRelativeFilePath>
      <IsIgnored>false</IsIgnored>
    </FileLog>
    <FileLog>
      <ProjectId>51a65ee1-e28a-4bae-9c55-ff7185b99f2b</ProjectId>
      <CorrelationId>398ba020-be68-4ba3-ab48-126099abb293</CorrelationId>
      <OverwriteBehaviour>once-off</OverwriteBehaviour>
      <ApplicationRelativeFilePath>../../Boxfusion.Dep/Boxfusion.Dep.Domain/Migrations/M202208241300.cs</ApplicationRelativeFilePath>
      <ProjectRelativeFilePath>Migrations/M202208241300.cs</ProjectRelativeFilePath>
      <IsIgnored>false</IsIgnored>
    </FileLog>
    <FileLog>
      <ProjectId>51a65ee1-e28a-4bae-9c55-ff7185b99f2b</ProjectId>
      <CorrelationId>Boxfusion.Modules.FluentMigrator.MigrationMetadata#f7adeae6-ee51-4270-83fb-2b44a50da39b</CorrelationId>
      <OverwriteBehaviour>always</OverwriteBehaviour>
      <ApplicationRelativeFilePath>../../Boxfusion.Dep/Boxfusion.Dep.Domain/Migrations/migration-metadata.json</ApplicationRelativeFilePath>
      <ProjectRelativeFilePath>Migrations/migration-metadata.json</ProjectRelativeFilePath>
      <IsIgnored>false</IsIgnored>
    </FileLog>
    <FileLog>
      <CorrelationId>Intent.VisualStudio.Projects.VisualStudio2015Solution#808bd628-632c-410a-ab15-7127eb147ec9</CorrelationId>
      <OverwriteBehaviour>always</OverwriteBehaviour>
      <ApplicationRelativeFilePath>../../Boxfusion.Dep/Boxfusion.Dep.sln</ApplicationRelativeFilePath>
      <IsIgnored>false</IsIgnored>
    </FileLog>
    <FileLog>
      <ProjectId>ba70dd20-49e9-4625-b177-bdb0923c2375</ProjectId>
      <CorrelationId>Intent.VisualStudio.Projects.CoreLibrary.CSProject#ba70dd20-49e9-4625-b177-bdb0923c2375</CorrelationId>
      <OverwriteBehaviour>once-off</OverwriteBehaviour>
      <ApplicationRelativeFilePath>../../Boxfusion.Dep/Boxfusion.Dep.Web.Core/Boxfusion.Dep.Web.Core.csproj</ApplicationRelativeFilePath>
      <ProjectRelativeFilePath>Boxfusion.Dep.Web.Core.csproj</ProjectRelativeFilePath>
      <IsIgnored>false</IsIgnored>
    </FileLog>
    <FileLog>
      <ProjectId>acd1809f-d9f9-449f-bba0-d76c79d682d4</ProjectId>
      <CorrelationId>Intent.VisualStudio.Projects.CoreWeb.AppSettings-Default#acd1809f-d9f9-449f-bba0-d76c79d682d4</CorrelationId>
      <OverwriteBehaviour>always</OverwriteBehaviour>
      <ApplicationRelativeFilePath>../../Boxfusion.Dep/Boxfusion.Dep.Web.Host/appsettings.json</ApplicationRelativeFilePath>
      <ProjectRelativeFilePath>appsettings.json</ProjectRelativeFilePath>
      <IsIgnored>false</IsIgnored>
    </FileLog>
    <FileLog>
      <ProjectId>acd1809f-d9f9-449f-bba0-d76c79d682d4</ProjectId>
      <CorrelationId>Intent.VisualStudio.Projects.CoreWeb.CSProject#acd1809f-d9f9-449f-bba0-d76c79d682d4</CorrelationId>
      <OverwriteBehaviour>once-off</OverwriteBehaviour>
      <ApplicationRelativeFilePath>../../Boxfusion.Dep/Boxfusion.Dep.Web.Host/Boxfusion.Dep.Web.Host.csproj</ApplicationRelativeFilePath>
      <ProjectRelativeFilePath>Boxfusion.Dep.Web.Host.csproj</ProjectRelativeFilePath>
      <IsIgnored>false</IsIgnored>
    </FileLog>
    <FileLog>
      <ProjectId>acd1809f-d9f9-449f-bba0-d76c79d682d4</ProjectId>
      <CorrelationId>Intent.VisualStudio.Projects.CoreWeb.LaunchSettings#acd1809f-d9f9-449f-bba0-d76c79d682d4</CorrelationId>
      <OverwriteBehaviour>always</OverwriteBehaviour>
      <ApplicationRelativeFilePath>../../Boxfusion.Dep/Boxfusion.Dep.Web.Host/Properties/launchsettings.json</ApplicationRelativeFilePath>
      <ProjectRelativeFilePath>Properties/launchsettings.json</ProjectRelativeFilePath>
      <IsIgnored>false</IsIgnored>
    </FileLog>
    <FileLog>
      <ProjectId>e94a63c8-6ebf-4ba0-beaf-3bdb2988a1bd</ProjectId>
      <CorrelationId>Boxfusion.Modules.Web.Startup.Startup.AuthConfigurer</CorrelationId>
      <OverwriteBehaviour>always</OverwriteBehaviour>
      <ApplicationRelativeFilePath>../../Boxfusion.Dep/Boxfusion.Dep.Web.Host/Startup/AuthConfigurer.cs</ApplicationRelativeFilePath>
      <ProjectRelativeFilePath>AuthConfigurer.cs</ProjectRelativeFilePath>
      <IsIgnored>false</IsIgnored>
    </FileLog>
    <FileLog>
      <ProjectId>e94a63c8-6ebf-4ba0-beaf-3bdb2988a1bd</ProjectId>
      <CorrelationId>Boxfusion.Modules.Web.Startup.Startup.Program</CorrelationId>
      <OverwriteBehaviour>always</OverwriteBehaviour>
      <ApplicationRelativeFilePath>../../Boxfusion.Dep/Boxfusion.Dep.Web.Host/Startup/Program.cs</ApplicationRelativeFilePath>
      <ProjectRelativeFilePath>Program.cs</ProjectRelativeFilePath>
      <IsIgnored>false</IsIgnored>
    </FileLog>
    <FileLog>
      <ProjectId>e94a63c8-6ebf-4ba0-beaf-3bdb2988a1bd</ProjectId>
      <CorrelationId>Boxfusion.Modules.Web.Startup.Startup.SheshaWebHostModule</CorrelationId>
      <OverwriteBehaviour>always</OverwriteBehaviour>
      <ApplicationRelativeFilePath>../../Boxfusion.Dep/Boxfusion.Dep.Web.Host/Startup/SheshaWebHostModule.cs</ApplicationRelativeFilePath>
      <ProjectRelativeFilePath>SheshaWebHostModule.cs</ProjectRelativeFilePath>
      <IsIgnored>false</IsIgnored>
    </FileLog>
    <FileLog>
      <ProjectId>e94a63c8-6ebf-4ba0-beaf-3bdb2988a1bd</ProjectId>
      <CorrelationId>Boxfusion.Modules.Web.Startup.Startup.Startup</CorrelationId>
      <OverwriteBehaviour>always</OverwriteBehaviour>
      <ApplicationRelativeFilePath>../../Boxfusion.Dep/Boxfusion.Dep.Web.Host/Startup/Startup.cs</ApplicationRelativeFilePath>
      <ProjectRelativeFilePath>Startup.cs</ProjectRelativeFilePath>
      <IsIgnored>false</IsIgnored>
    </FileLog>
    <FileLog>
      <ProjectId>8da93af3-94c7-46ee-b3f0-9b697a18972a</ProjectId>
      <CorrelationId>Boxfusion.Modules.Web.Startup.Swagger.AbpAppServiceApiVersionSpecification</CorrelationId>
      <OverwriteBehaviour>always</OverwriteBehaviour>
      <ApplicationRelativeFilePath>../../Boxfusion.Dep/Boxfusion.Dep.Web.Host/Swagger/AbpAppServiceApiVersionSpecification.cs</ApplicationRelativeFilePath>
      <ProjectRelativeFilePath>AbpAppServiceApiVersionSpecification.cs</ProjectRelativeFilePath>
      <IsIgnored>false</IsIgnored>
    </FileLog>
    <FileLog>
      <ProjectId>8da93af3-94c7-46ee-b3f0-9b697a18972a</ProjectId>
      <CorrelationId>Boxfusion.Modules.Web.Startup.Swagger.ConfigureSwaggerOptions</CorrelationId>
      <OverwriteBehaviour>always</OverwriteBehaviour>
      <ApplicationRelativeFilePath>../../Boxfusion.Dep/Boxfusion.Dep.Web.Host/Swagger/ConfigureSwaggerOptions.cs</ApplicationRelativeFilePath>
      <ProjectRelativeFilePath>ConfigureSwaggerOptions.cs</ProjectRelativeFilePath>
      <IsIgnored>false</IsIgnored>
    </FileLog>
    <FileLog>
      <ProjectId>8da93af3-94c7-46ee-b3f0-9b697a18972a</ProjectId>
      <CorrelationId>Boxfusion.Modules.Web.Startup.Swagger.SwaggerDefaultValues</CorrelationId>
      <OverwriteBehaviour>always</OverwriteBehaviour>
      <ApplicationRelativeFilePath>../../Boxfusion.Dep/Boxfusion.Dep.Web.Host/Swagger/SwaggerDefaultValues.cs</ApplicationRelativeFilePath>
      <ProjectRelativeFilePath>SwaggerDefaultValues.cs</ProjectRelativeFilePath>
      <IsIgnored>false</IsIgnored>
    </FileLog>
    <FileLog>
      <ProjectId>bcd7ae46-07b6-4677-974f-b0d50540743d</ProjectId>
      <CorrelationId>Intent.VisualStudio.Projects.CoreLibrary.CSProject#bcd7ae46-07b6-4677-974f-b0d50540743d</CorrelationId>
      <OverwriteBehaviour>once-off</OverwriteBehaviour>
      <ApplicationRelativeFilePath>../../Boxfusion.Dep/Boxfusion.ServiceManagement.Application/Boxfusion.ServiceManagement.Application.csproj</ApplicationRelativeFilePath>
      <ProjectRelativeFilePath>Boxfusion.ServiceManagement.Application.csproj</ProjectRelativeFilePath>
      <IsIgnored>false</IsIgnored>
    </FileLog>
    <FileLog>
      <ProjectId>85fb8360-c8be-4545-a1b0-2f98f5d1e963</ProjectId>
      <CorrelationId>Intent.VisualStudio.Projects.CoreLibrary.CSProject#85fb8360-c8be-4545-a1b0-2f98f5d1e963</CorrelationId>
      <OverwriteBehaviour>once-off</OverwriteBehaviour>
      <ApplicationRelativeFilePath>../../Boxfusion.Dep/Boxfusion.ServiceManagement.Domain/Boxfusion.ServiceManagement.Domain.csproj</ApplicationRelativeFilePath>
      <ProjectRelativeFilePath>Boxfusion.ServiceManagement.Domain.csproj</ProjectRelativeFilePath>
      <IsIgnored>false</IsIgnored>
    </FileLog>
    <FileLog>
      <ProjectId>85fb8360-c8be-4545-a1b0-2f98f5d1e963</ProjectId>
      <CorrelationId>Boxfusion.Modules.Domain.Entity#09a1fc83-0714-433d-8444-a19942b49fe3</CorrelationId>
      <OverwriteBehaviour>always</OverwriteBehaviour>
      <ApplicationRelativeFilePath>../../Boxfusion.Dep/Boxfusion.ServiceManagement.Domain/CaseRoutings/CaseRouting.cs</ApplicationRelativeFilePath>
      <ProjectRelativeFilePath>CaseRoutings/CaseRouting.cs</ProjectRelativeFilePath>
      <IsIgnored>false</IsIgnored>
    </FileLog>
    <FileLog>
      <ProjectId>85fb8360-c8be-4545-a1b0-2f98f5d1e963</ProjectId>
      <CorrelationId>Boxfusion.Modules.Domain.Entity#16714fe8-55ef-45c3-80db-bfda53665fc2</CorrelationId>
      <OverwriteBehaviour>always</OverwriteBehaviour>
      <ApplicationRelativeFilePath>../../Boxfusion.Dep/Boxfusion.ServiceManagement.Domain/CaseTypes/CaseType.cs</ApplicationRelativeFilePath>
      <ProjectRelativeFilePath>CaseTypes/CaseType.cs</ProjectRelativeFilePath>
      <IsIgnored>false</IsIgnored>
    </FileLog>
    <FileLog>
      <ProjectId>85fb8360-c8be-4545-a1b0-2f98f5d1e963</ProjectId>
      <CorrelationId>Boxfusion.Modules.FluentMigrator.EnumMigrationMetadata#4b03f303-10da-46cf-a94f-cbd7937b66bf</CorrelationId>
      <OverwriteBehaviour>always</OverwriteBehaviour>
      <ApplicationRelativeFilePath>../../Boxfusion.Dep/Boxfusion.ServiceManagement.Domain/EnumMigrations/enum-migration-metadata.json</ApplicationRelativeFilePath>
      <ProjectRelativeFilePath>EnumMigrations/enum-migration-metadata.json</ProjectRelativeFilePath>
      <IsIgnored>false</IsIgnored>
    </FileLog>
    <FileLog>
      <ProjectId>85fb8360-c8be-4545-a1b0-2f98f5d1e963</ProjectId>
      <CorrelationId>Boxfusion.Modules.Domain.Entity#dac37337-bb5c-40e4-b6b7-1a1b859f1541</CorrelationId>
      <OverwriteBehaviour>always</OverwriteBehaviour>
      <ApplicationRelativeFilePath>../../Boxfusion.Dep/Boxfusion.ServiceManagement.Domain/EscalationRules/EscalationRule.cs</ApplicationRelativeFilePath>
      <ProjectRelativeFilePath>EscalationRules/EscalationRule.cs</ProjectRelativeFilePath>
      <IsIgnored>false</IsIgnored>
    </FileLog>
    <FileLog>
      <ProjectId>85fb8360-c8be-4545-a1b0-2f98f5d1e963</ProjectId>
      <CorrelationId>05d425a9-8961-4507-becf-438e3c43e6f6</CorrelationId>
      <OverwriteBehaviour>once-off</OverwriteBehaviour>
      <ApplicationRelativeFilePath>../../Boxfusion.Dep/Boxfusion.ServiceManagement.Domain/Migrations/M202208241300.cs</ApplicationRelativeFilePath>
      <ProjectRelativeFilePath>Migrations/M202208241300.cs</ProjectRelativeFilePath>
      <IsIgnored>false</IsIgnored>
    </FileLog>
    <FileLog>
      <ProjectId>85fb8360-c8be-4545-a1b0-2f98f5d1e963</ProjectId>
      <CorrelationId>Boxfusion.Modules.FluentMigrator.MigrationMetadata#4b03f303-10da-46cf-a94f-cbd7937b66bf</CorrelationId>
      <OverwriteBehaviour>always</OverwriteBehaviour>
      <ApplicationRelativeFilePath>../../Boxfusion.Dep/Boxfusion.ServiceManagement.Domain/Migrations/migration-metadata.json</ApplicationRelativeFilePath>
      <ProjectRelativeFilePath>Migrations/migration-metadata.json</ProjectRelativeFilePath>
      <IsIgnored>false</IsIgnored>
    </FileLog>
    <FileLog>
      <ProjectId>85fb8360-c8be-4545-a1b0-2f98f5d1e963</ProjectId>
      <CorrelationId>Boxfusion.Modules.Domain.Entity#e8072b03-076a-4d76-814a-c7729f692d52</CorrelationId>
      <OverwriteBehaviour>always</OverwriteBehaviour>
      <ApplicationRelativeFilePath>../../Boxfusion.Dep/Boxfusion.ServiceManagement.Domain/SLAPolicies/SLAPolicy.cs</ApplicationRelativeFilePath>
      <ProjectRelativeFilePath>SLAPolicies/SLAPolicy.cs</ProjectRelativeFilePath>
      <IsIgnored>false</IsIgnored>
    </FileLog>
    <FileLog>
      <ProjectId>85fb8360-c8be-4545-a1b0-2f98f5d1e963</ProjectId>
      <CorrelationId>Boxfusion.Modules.Domain.Entity#5faef0ea-54db-4d6d-90d2-46889414f4d3</CorrelationId>
      <OverwriteBehaviour>always</OverwriteBehaviour>
      <ApplicationRelativeFilePath>../../Boxfusion.Dep/Boxfusion.ServiceManagement.Domain/SLATargets/SLATarget.cs</ApplicationRelativeFilePath>
      <ProjectRelativeFilePath>SLATargets/SLATarget.cs</ProjectRelativeFilePath>
      <IsIgnored>false</IsIgnored>
    </FileLog>
  </FileLogs>
</outputLog>